0 info it worked if it ends with ok
1 verbose cli [ '/Users/kakao/.nvm/versions/node/v6.2.2/bin/node',
1 verbose cli   '/Users/kakao/.nvm/versions/node/v6.2.2/bin/npm',
1 verbose cli   'start' ]
2 info using npm@3.9.5
3 info using node@v6.2.2
4 verbose run-script [ 'prestart', 'start', 'poststart' ]
5 info lifecycle RN_OR_IOS@0.0.1~prestart: RN_OR_IOS@0.0.1
6 silly lifecycle RN_OR_IOS@0.0.1~prestart: no script for prestart, continuing
7 info lifecycle RN_OR_IOS@0.0.1~start: RN_OR_IOS@0.0.1
8 verbose lifecycle RN_OR_IOS@0.0.1~start: unsafe-perm in lifecycle true
9 verbose lifecycle RN_OR_IOS@0.0.1~start: PATH: /Users/kakao/.nvm/versions/node/v6.2.2/lib/node_modules/npm/bin/node-gyp-bin:/Users/kakao/Desktop/RN_OR_IOS/node_modules/.bin:/Users/kakao/.nvm/versions/node/v6.2.2/bin:/Library/Frameworks/Python.framework/Versions/3.6/bin:/Users/kakao/Library/Enthought/Canopy_64bit/User/bin:/System/Library/Frameworks/Python.framework/Versions/3.6/bin:/Users/kakao/.nvm/versions/node/v6.2.2/bin:/Users/kakao/.opam/system/bin:/usr/local/bin:/usr/bin:/bin:/usr/sbin:/sbin:/usr/local/aria2/bin:/Users/kakao/Desktop/mjextension/infer/infer/infer/bin
10 verbose lifecycle RN_OR_IOS@0.0.1~start: CWD: /Users/kakao/Desktop/RN_OR_IOS
11 silly lifecycle RN_OR_IOS@0.0.1~start: Args: [ '-c',
11 silly lifecycle   'node node_modules/react-native/local-cli/cli.js start' ]
12 silly lifecycle RN_OR_IOS@0.0.1~start: Returned: code: 11  signal: null
13 info lifecycle RN_OR_IOS@0.0.1~start: Failed to exec start script
14 verbose stack Error: RN_OR_IOS@0.0.1 start: `node node_modules/react-native/local-cli/cli.js start`
14 verbose stack Exit status 11
14 verbose stack     at EventEmitter.<anonymous> (/Users/kakao/.nvm/versions/node/v6.2.2/lib/node_modules/npm/lib/utils/lifecycle.js:245:16)
14 verbose stack     at emitTwo (events.js:106:13)
14 verbose stack     at EventEmitter.emit (events.js:191:7)
14 verbose stack     at ChildProcess.<anonymous> (/Users/kakao/.nvm/versions/node/v6.2.2/lib/node_modules/npm/lib/utils/spawn.js:24:14)
14 verbose stack     at emitTwo (events.js:106:13)
14 verbose stack     at ChildProcess.emit (events.js:191:7)
14 verbose stack     at maybeClose (internal/child_process.js:852:16)
14 verbose stack     at Process.ChildProcess._handle.onexit (internal/child_process.js:215:5)
15 verbose pkgid RN_OR_IOS@0.0.1
16 verbose cwd /Users/kakao/Desktop/RN_OR_IOS
17 error Darwin 16.5.0
18 error argv "/Users/kakao/.nvm/versions/node/v6.2.2/bin/node" "/Users/kakao/.nvm/versions/node/v6.2.2/bin/npm" "start"
19 error node v6.2.2
20 error npm  v3.9.5
21 error code ELIFECYCLE
22 error RN_OR_IOS@0.0.1 start: `node node_modules/react-native/local-cli/cli.js start`
22 error Exit status 11
23 error Failed at the RN_OR_IOS@0.0.1 start script 'node node_modules/react-native/local-cli/cli.js start'.
23 error Make sure you have the latest version of node.js and npm installed.
23 error If you do, this is most likely a problem with the RN_OR_IOS package,
23 error not with npm itself.
23 error Tell the author that this fails on your system:
23 error     node node_modules/react-native/local-cli/cli.js start
23 error You can get information on how to open an issue for this project with:
23 error     npm bugs RN_OR_IOS
23 error Or if that isn't available, you can get their info via:
23 error     npm owner ls RN_OR_IOS
23 error There is likely additional logging output above.
24 verbose exit [ 1, true ]
